{"/Users/ctw02579/Desktop/Projetos/aws-sonarqube/aws-sonarqube/src/components/Test.tsx": {"path":"/Users/ctw02579/Desktop/Projetos/aws-sonarqube/aws-sonarqube/src/components/Test.tsx","statementMap":{"0":{"start":{"line":1,"column":0},"end":{"line":1,"column":null}},"1":{"start":{"line":3,"column":20},"end":{"line":7,"column":1}},"2":{"start":{"line":4,"column":4},"end":{"line":5,"column":null}},"3":{"start":{"line":3,"column":13},"end":{"line":3,"column":20}}},"fnMap":{"0":{"name":"Test","decl":{"start":{"line":3,"column":13},"end":{"line":3,"column":17}},"loc":{"start":{"line":3,"column":20},"end":{"line":7,"column":1}}}},"branchMap":{},"s":{"0":1,"1":1,"2":1,"3":1},"f":{"0":1},"b":{}}
}
